<?xml version="1.0" encoding="UTF-8"?>
<!-- Generated by org.testng.reporters.JUnitReportReporter -->
<testsuite hostname="LAPTOP-FCNCOSH6" failures="0" tests="8" name="TestCases.LoginPageTestCases" time="91.945" errors="0" timestamp="2022-04-13T08:40:31 IST" skipped="0">
  <testcase classname="TestCases.LoginPageTestCases" name="checkTitleLoginPage" time="10.000"/>
  <system-out/>
  <testcase classname="TestCases.LoginPageTestCases" name="checklogo" time="10.027"/>
  <system-out/>
  <testcase classname="TestCases.LoginPageTestCases" name="checkHeading" time="11.069"/>
  <system-out/>
  <testcase classname="TestCases.LoginPageTestCases" name="checkLabel" time="10.373"/>
  <system-out/>
  <testcase classname="TestCases.LoginPageTestCases" name="verifyErrorMessageUsernameBlank" time="10.301"/>
  <system-out/>
  <testcase classname="TestCases.LoginPageTestCases" name="verifyErrorMessagePasswardBlank" time="10.830"/>
  <system-out/>
  <testcase classname="TestCases.LoginPageTestCases" name="registrationPage" time="15.599"/>
  <system-out/>
  <testcase classname="TestCases.LoginPageTestCases" name="login" time="13.746"/>
  <system-out/>
</testsuite> <!-- TestCases.LoginPageTestCases -->
