<?xml version="1.0" encoding="UTF-8"?>
<!-- Generated by org.testng.reporters.JUnitReportReporter -->
<testsuite hostname="LAPTOP-FCNCOSH6" failures="0" tests="5" name="TestNG.ParrallelExecution" time="0.105" errors="0" timestamp="2022-03-28T10:49:51 IST" skipped="0">
  <testcase classname="TestNG.ParrallelExecution" name="Test02" time="0.023"/>
  <system-out/>
  <testcase classname="TestNG.ParrallelExecution" name="Test01" time="0.017"/>
  <system-out/>
  <testcase classname="TestNG.ParrallelExecution" name="Test03" time="0.021"/>
  <system-out/>
  <testcase classname="TestNG.ParrallelExecution" name="Test05" time="0.025"/>
  <system-out/>
  <testcase classname="TestNG.ParrallelExecution" name="Test04" time="0.019"/>
  <system-out/>
</testsuite> <!-- TestNG.ParrallelExecution -->
