<?xml version="1.0" encoding="UTF-8"?>
<!-- Generated by org.testng.reporters.JUnitReportReporter -->
<testsuite hostname="LAPTOP-FCNCOSH6" failures="0" tests="1" name="WindowFrameHandle.FrameHandle" time="15.809" errors="0" timestamp="2022-03-31T16:57:16 IST" skipped="0">
  <testcase classname="WindowFrameHandle.FrameHandle" name="Test01" time="15.809"/>
  <system-out/>
</testsuite> <!-- WindowFrameHandle.FrameHandle -->
