<?xml version="1.0" encoding="UTF-8"?>
<!-- Generated by org.testng.reporters.JUnitReportReporter -->
<testsuite hostname="LAPTOP-FCNCOSH6" failures="0" tests="3" name="TestNG.GroupAttribute" time="0.011" errors="0" timestamp="2022-03-23T13:53:41 IST" skipped="0">
  <testcase classname="TestNG.GroupAttribute" name="Test02" time="0.001"/>
  <system-out/>
  <testcase classname="TestNG.GroupAttribute" name="Test03" time="0.001"/>
  <system-out/>
  <testcase classname="TestNG.GroupAttribute" name="Test01" time="0.009"/>
  <system-out/>
</testsuite> <!-- TestNG.GroupAttribute -->
