<?xml version="1.0" encoding="UTF-8"?>
<!-- Generated by org.testng.reporters.JUnitReportReporter -->
<testsuite hostname="LAPTOP-FCNCOSH6" failures="0" tests="1" name="WindowFrameHandle.RedBusFrameHandle" time="31.396" errors="0" timestamp="2022-04-04T07:02:55 IST" skipped="0">
  <testcase classname="WindowFrameHandle.RedBusFrameHandle" name="Test01" time="31.396"/>
  <system-out/>
</testsuite> <!-- WindowFrameHandle.RedBusFrameHandle -->
