<?xml version="1.0" encoding="UTF-8"?>
<!-- Generated by org.testng.reporters.JUnitReportReporter -->
<testsuite hostname="LAPTOP-FCNCOSH6" failures="0" tests="1" name="autoIT.FileUploadEx" time="21.530" errors="0" timestamp="2022-04-01T09:00:29 IST" skipped="0">
  <testcase classname="autoIT.FileUploadEx" name="test01" time="21.530"/>
  <system-out/>
</testsuite> <!-- autoIT.FileUploadEx -->
