<?xml version="1.0" encoding="UTF-8"?>
<!-- Generated by org.testng.reporters.JUnitReportReporter -->
<testsuite hostname="LAPTOP-FCNCOSH6" failures="0" tests="2" name="TestCases.UsefulLink" time="0.291" errors="0" timestamp="2022-04-08T16:30:52 IST" skipped="0">
  <testcase classname="TestCases.UsefulLink" name="verifyLableOfUsefulLink" time="0.100"/>
  <system-out/>
  <testcase classname="TestCases.UsefulLink" name="verifyHeadingOfUsefulLink" time="0.191"/>
  <system-out/>
</testsuite> <!-- TestCases.UsefulLink -->
