<?xml version="1.0" encoding="UTF-8"?>
<!-- Generated by org.testng.reporters.JUnitReportReporter -->
<testsuite hostname="LAPTOP-FCNCOSH6" failures="0" tests="3" name="TestNG.TestNgAttributes" time="0.011" errors="0" timestamp="2022-03-23T13:23:01 IST" skipped="0">
  <testcase classname="TestNG.TestNgAttributes" name="login" time="0.009"/>
  <system-out/>
  <testcase classname="TestNG.TestNgAttributes" name="dashBoard" time="0.001"/>
  <system-out/>
  <testcase classname="TestNG.TestNgAttributes" name="user" time="0.001"/>
  <system-out/>
</testsuite> <!-- TestNG.TestNgAttributes -->
